{"level":"info","msg":"| 200 |            0s |             ::1 | GET | /","time":"2022-10-10 11:13:06"}
{"level":"info","msg":"| 301 |       119.2µs |             ::1 | GET | /png/","time":"2022-10-10 14:46:02"}
{"level":"info","msg":"| 422 |            0s |             ::1 | POST | /v1/account/register","time":"2022-10-10 15:12:47"}
{"level":"info","msg":"| 422 |            0s |             ::1 | POST | /v1/account/register","time":"2022-10-10 15:12:52"}
{"level":"info","msg":"| 422 |       504.8µs |             ::1 | POST | /v1/account/register","time":"2022-10-10 15:13:22"}
{"level":"info","msg":"| 422 |      1.0046ms |             ::1 | POST | /v1/account/register","time":"2022-10-10 15:21:38"}
{"level":"info","msg":"| 404 |            0s |             ::1 | GET | /favicon.ico","time":"2022-10-11 09:24:35"}
{"level":"info","msg":"| 404 |            0s |             ::1 | POST | /v1/meber","time":"2022-10-11 09:34:21"}
{"level":"info","msg":"| 200 |     12.4675ms |             ::1 | POST | /v1/meber","time":"2022-10-11 10:05:41"}
{"level":"info","msg":"| 200 |     75.9664ms |             ::1 | POST | /v1/account/register","time":"2022-10-11 11:48:08"}
{"level":"info","msg":"| 404 |            0s |             ::1 | GET | /v1/account/register","time":"2022-10-11 11:48:13"}
{"level":"info","msg":"| 404 |            0s |             ::1 | GET | /favicon.ico","time":"2022-10-11 11:48:13"}
{"level":"info","msg":"| 200 |            0s |             ::1 | GET | /","time":"2022-10-11 20:36:49"}
{"level":"info","msg":"| 404 |            0s |             ::1 | GET | /favicon.ico","time":"2022-10-11 20:36:49"}
{"level":"info","msg":"| 200 |     13.4518ms |             ::1 | POST | /v1/meber","time":"2022-10-11 20:44:15"}
{"level":"info","msg":"| 200 |      9.7525ms |             ::1 | POST | /v1/meber","time":"2022-10-11 20:44:15"}
{"level":"info","msg":"| 200 |     12.2244ms |             ::1 | POST | /v1/meber","time":"2022-10-11 20:44:16"}
{"level":"info","msg":"| 200 |     25.3773ms |             ::1 | POST | /v1/meber","time":"2022-10-11 20:44:16"}
{"level":"info","msg":"| 200 |      7.0893ms |             ::1 | POST | /v1/meber","time":"2022-10-11 20:44:16"}
{"level":"info","msg":"| 200 |       6.722ms |             ::1 | POST | /v1/meber","time":"2022-10-11 20:44:16"}
{"level":"info","msg":"| 200 |       525.7µs |             ::1 | GET | /v1/meber","time":"2022-10-11 21:02:05"}
{"level":"info","msg":"| 200 |         820µs |             ::1 | GET | /v1/meber","time":"2022-10-11 21:02:34"}
{"level":"info","msg":"| 500 |            0s |             ::1 | GET | /v1/GetMeberId?Id=6","time":"2022-10-11 21:18:24"}
{"level":"info","msg":"| 500 |            0s |             ::1 | GET | /v1/GetMeberId?Id=6","time":"2022-10-11 21:18:37"}
{"level":"info","msg":"| 500 |            0s |             ::1 | GET | /v1/GetMeberId?Id=6","time":"2022-10-11 21:18:49"}
{"level":"info","msg":"| 500 |    3.8062198s |             ::1 | GET | /v1/GetMeberId?Id=6","time":"2022-10-11 21:19:56"}
{"level":"info","msg":"| 500 |    4.8719177s |             ::1 | GET | /v1/GetMeberId?Id=6","time":"2022-10-11 21:20:40"}
{"level":"info","msg":"| 500 |            0s |             ::1 | GET | /v1/GetMeberId?Id=6","time":"2022-10-11 21:21:10"}
{"level":"info","msg":"| 500 |            0s |             ::1 | GET | /v1/GetMeberId?Id=6","time":"2022-10-11 21:21:24"}
{"level":"info","msg":"| 500 |            0s |             ::1 | GET | /v1/GetMeberId?Id=6","time":"2022-10-11 21:22:46"}
{"level":"info","msg":"| 500 |            0s |             ::1 | GET | /v1/GetMeberId?Id=6","time":"2022-10-11 21:23:09"}
{"level":"info","msg":"| 200 |      1.1882ms |             ::1 | GET | /v1/meber","time":"2022-10-11 21:25:11"}
{"level":"info","msg":"| 200 |        39.2µs |             ::1 | GET | /v1/GetMeberId?name=fange","time":"2022-10-11 21:32:24"}
{"level":"info","msg":"| 200 |         650µs |             ::1 | GET | /v1/GetMeberId?name=fange","time":"2022-10-11 21:33:04"}
{"level":"info","msg":"| 200 |   12.1218401s |             ::1 | GET | /v1/GetMeberId?name=fange","time":"2022-10-11 21:37:09"}
{"level":"info","msg":"| 200 |         525µs |             ::1 | GET | /v1/GetMeberId?name=fange","time":"2022-10-11 21:37:51"}
{"level":"info","msg":"| 200 |       849.1µs |             ::1 | GET | /v1/meber","time":"2022-10-11 21:45:43"}
{"level":"info","msg":"| 200 |      1.7906ms |             ::1 | GET | /v1/meber","time":"2022-10-11 21:45:44"}
{"level":"info","msg":"| 200 |      1.3344ms |             ::1 | GET | /v1/meber","time":"2022-10-11 21:46:45"}
